  Source.c
d:\infolibrary\projectpp\projectpp\source.c(55): warning C4018: '<': signed/unsigned mismatch
d:\infolibrary\projectpp\projectpp\source.c(57): warning C4018: '<': signed/unsigned mismatch
d:\infolibrary\projectpp\projectpp\source.c(60): warning C4244: '=': conversion from 'double' to 'unsigned char', possible loss of data
d:\infolibrary\projectpp\projectpp\source.c(87): warning C4018: '<': signed/unsigned mismatch
d:\infolibrary\projectpp\projectpp\source.c(120): warning C4018: '<': signed/unsigned mismatch
d:\infolibrary\projectpp\projectpp\source.c(123): warning C4018: '<': signed/unsigned mismatch
d:\infolibrary\projectpp\projectpp\source.c(194): warning C4018: '<': signed/unsigned mismatch
d:\infolibrary\projectpp\projectpp\source.c(196): warning C4018: '<': signed/unsigned mismatch
d:\infolibrary\projectpp\projectpp\source.c(226): warning C4018: '<': signed/unsigned mismatch
d:\infolibrary\projectpp\projectpp\source.c(228): warning C4018: '<': signed/unsigned mismatch
d:\infolibrary\projectpp\projectpp\source.c(272): warning C4018: '<': signed/unsigned mismatch
d:\infolibrary\projectpp\projectpp\source.c(280): warning C4244: '=': conversion from 'double' to 'float', possible loss of data
d:\infolibrary\projectpp\projectpp\source.c(321): warning C4018: '<': signed/unsigned mismatch
d:\infolibrary\projectpp\projectpp\source.c(341): warning C4018: '<': signed/unsigned mismatch
d:\infolibrary\projectpp\projectpp\source.c(415): warning C4018: '<': signed/unsigned mismatch
d:\infolibrary\projectpp\projectpp\source.c(434): warning C4018: '<': signed/unsigned mismatch
d:\infolibrary\projectpp\projectpp\source.c(495): warning C4018: '<': signed/unsigned mismatch
d:\infolibrary\projectpp\projectpp\source.c(498): warning C4018: '<': signed/unsigned mismatch
d:\infolibrary\projectpp\projectpp\source.c(536): warning C4018: '<': signed/unsigned mismatch
d:\infolibrary\projectpp\projectpp\source.c(538): warning C4018: '<': signed/unsigned mismatch
d:\infolibrary\projectpp\projectpp\source.c(567): warning C4244: '=': conversion from 'unsigned int' to 'float', possible loss of data
d:\infolibrary\projectpp\projectpp\source.c(570): warning C4018: '<': signed/unsigned mismatch
d:\infolibrary\projectpp\projectpp\source.c(571): warning C4018: '<': signed/unsigned mismatch
d:\infolibrary\projectpp\projectpp\source.c(577): warning C4018: '<': signed/unsigned mismatch
d:\infolibrary\projectpp\projectpp\source.c(578): warning C4018: '<': signed/unsigned mismatch
d:\infolibrary\projectpp\projectpp\source.c(584): warning C4018: '<': signed/unsigned mismatch
d:\infolibrary\projectpp\projectpp\source.c(585): warning C4018: '<': signed/unsigned mismatch
d:\infolibrary\projectpp\projectpp\source.c(587): warning C4244: '=': conversion from 'double' to 'float', possible loss of data
d:\infolibrary\projectpp\projectpp\source.c(591): warning C4018: '<': signed/unsigned mismatch
d:\infolibrary\projectpp\projectpp\source.c(592): warning C4018: '<': signed/unsigned mismatch
d:\infolibrary\projectpp\projectpp\source.c(594): warning C4244: '=': conversion from 'double' to 'float', possible loss of data
d:\infolibrary\projectpp\projectpp\source.c(598): warning C4018: '<': signed/unsigned mismatch
d:\infolibrary\projectpp\projectpp\source.c(599): warning C4018: '<': signed/unsigned mismatch
d:\infolibrary\projectpp\projectpp\source.c(638): warning C4018: '<': signed/unsigned mismatch
d:\infolibrary\projectpp\projectpp\source.c(641): warning C4018: '<': signed/unsigned mismatch
d:\infolibrary\projectpp\projectpp\source.c(680): warning C4018: '<': signed/unsigned mismatch
d:\infolibrary\projectpp\projectpp\source.c(683): warning C4018: '<': signed/unsigned mismatch
d:\infolibrary\projectpp\projectpp\source.c(697): warning C4018: '<=': signed/unsigned mismatch
d:\infolibrary\projectpp\projectpp\source.c(699): warning C4018: '<=': signed/unsigned mismatch
d:\infolibrary\projectpp\projectpp\source.c(708): warning C4018: '<': signed/unsigned mismatch
d:\infolibrary\projectpp\projectpp\source.c(711): warning C4018: '<': signed/unsigned mismatch
d:\infolibrary\projectpp\projectpp\source.c(722): warning C4018: '<': signed/unsigned mismatch
d:\infolibrary\projectpp\projectpp\source.c(731): warning C4018: '<': signed/unsigned mismatch
d:\infolibrary\projectpp\projectpp\source.c(762): warning C4244: '=': conversion from 'unsigned int' to 'float', possible loss of data
d:\infolibrary\projectpp\projectpp\source.c(763): warning C4244: '=': conversion from 'unsigned int' to 'float', possible loss of data
d:\infolibrary\projectpp\projectpp\source.c(764): warning C4244: '=': conversion from 'unsigned int' to 'float', possible loss of data
d:\infolibrary\projectpp\projectpp\source.c(774): warning C4018: '<': signed/unsigned mismatch
d:\infolibrary\projectpp\projectpp\source.c(780): warning C4018: '<': signed/unsigned mismatch
d:\infolibrary\projectpp\projectpp\source.c(838): warning C4018: '<': signed/unsigned mismatch
d:\infolibrary\projectpp\projectpp\source.c(867): warning C4018: '<': signed/unsigned mismatch
d:\infolibrary\projectpp\projectpp\source.c(876): warning C4018: '<': signed/unsigned mismatch
  ProjectPP.vcxproj -> D:\InfoLibrary\ProjectPP\Debug\ProjectPP.exe
